[02-Feb-2026 14:47:07 Europe/Moscow] Данные для возврата/отправки в сервис: Array
(
    [items] => Array
        (
            [0] => Array
                (
                    [id] => 273
                    [reason] => 3
                )

            [1] => Array
                (
                    [id] => 195
                    [reason] => 3
                )

        )

    [statusService] => 1
    [statusEntity] => update
)

[02-Feb-2026 14:47:07 Europe/Moscow] Array
(
    [items] => Array
        (
            [0] => Array
                (
                    [id] => 273
                    [reason] => 3
                )

            [1] => Array
                (
                    [id] => 195
                    [reason] => 3
                )

        )

    [statusService] => 1
)

[02-Feb-2026 14:47:07 Europe/Moscow] Array
(
    [0] => Array
        (
            [id] => 273
            [reason] => 3
        )

    [1] => Array
        (
            [id] => 195
            [reason] => 3
        )

)

[02-Feb-2026 14:47:07 Europe/Moscow] 1
[02-Feb-2026 14:47:07 Europe/Moscow] PHP_RSHUTDOWN for php_sqlsrv: entering
[02-Feb-2026 14:47:20 Europe/Moscow] PHP_RSHUTDOWN for php_sqlsrv: entering
[02-Feb-2026 14:50:11 Europe/Moscow] PHP_RSHUTDOWN for php_sqlsrv: entering
[02-Feb-2026 14:54:11 Europe/Moscow] PHP_RSHUTDOWN for php_sqlsrv: entering
[02-Feb-2026 14:55:59 Europe/Moscow] PHP_RSHUTDOWN for php_sqlsrv: entering
[02-Feb-2026 14:56:24 Europe/Moscow] Данные для возврата/отправки в сервис: Array
(
    [items] => Array
        (
            [0] => Array
                (
                    [id] => 273
                    [reason] => 31
                )

        )

    [statusService] => 1
    [statusEntity] => update
)

[02-Feb-2026 14:56:24 Europe/Moscow] Array
(
    [items] => Array
        (
            [0] => Array
                (
                    [id] => 273
                    [reason] => 31
                )

        )

    [statusService] => 1
)

[02-Feb-2026 14:56:24 Europe/Moscow] Array
(
    [0] => Array
        (
            [id] => 273
            [reason] => 31
        )

)

[02-Feb-2026 14:56:24 Europe/Moscow] 1
[02-Feb-2026 15:18:19 Europe/Moscow] PHP_RSHUTDOWN for php_sqlsrv: entering
[02-Feb-2026 15:18:36 Europe/Moscow] PHP_RSHUTDOWN for php_sqlsrv: entering
[02-Feb-2026 15:18:59 Europe/Moscow] Данные для возврата/отправки в сервис: Array
(
    [items] => Array
        (
            [0] => Array
                (
                    [id] => 273
                    [reason] => 31
                )

            [1] => Array
                (
                    [id] => 195
                    [reason] => 31
                )

        )

    [statusService] => 1
    [statusEntity] => update
)

[02-Feb-2026 15:18:59 Europe/Moscow] Array
(
    [items] => Array
        (
            [0] => Array
                (
                    [id] => 273
                    [reason] => 31
                )

            [1] => Array
                (
                    [id] => 195
                    [reason] => 31
                )

        )

    [statusService] => 1
)

[02-Feb-2026 15:18:59 Europe/Moscow] Array
(
    [0] => Array
        (
            [id] => 273
            [reason] => 31
        )

    [1] => Array
        (
            [id] => 195
            [reason] => 31
        )

)

[02-Feb-2026 15:18:59 Europe/Moscow] 1
[02-Feb-2026 15:18:59 Europe/Moscow] PHP_RSHUTDOWN for php_sqlsrv: entering
[02-Feb-2026 15:21:31 Europe/Moscow] PHP_RSHUTDOWN for php_sqlsrv: entering
[02-Feb-2026 15:22:12 Europe/Moscow] Данные для возврата/отправки в сервис: Array
(
    [items] => Array
        (
            [0] => Array
                (
                    [id] => 36
                    [reason] => 4
                )

            [1] => Array
                (
                    [id] => 85
                    [reason] => 4
                )

        )

    [statusService] => 1
    [statusEntity] => update
)

[02-Feb-2026 15:22:12 Europe/Moscow] Array
(
    [items] => Array
        (
            [0] => Array
                (
                    [id] => 36
                    [reason] => 4
                )

            [1] => Array
                (
                    [id] => 85
                    [reason] => 4
                )

        )

    [statusService] => 1
)

[02-Feb-2026 15:22:12 Europe/Moscow] Array
(
    [0] => Array
        (
            [id] => 36
            [reason] => 4
        )

    [1] => Array
        (
            [id] => 85
            [reason] => 4
        )

)

[02-Feb-2026 15:22:12 Europe/Moscow] 1
[02-Feb-2026 15:22:12 Europe/Moscow] PHP_RSHUTDOWN for php_sqlsrv: entering
[02-Feb-2026 15:24:20 Europe/Moscow] PHP_RSHUTDOWN for php_sqlsrv: entering
